

*** poc_e2e.sql ***


INFO test_reset: update poc_pkg...
No errors.
No errors.

INFO test_reset: wait for OGG to start...
INFO test_reset: reset source data


*** source_deleteall.sql ***
INFO test_reset: wait for OGG to catchup...
INFO test_reset: split to get empty lead partition


*** partition_split.sql ***


Getting partitionc config
Current SCN=3436988
Max partition_config SCN=0
Splitting CUSTOMER_ORDER partition at SCN=3436988 with old partition=PART_0 and new partition=PART_3436988
Splitting MASTER_CUSTOMER partition at SCN=3436988 with old partition=PART_0 and new partition=PART_3436988
Splitting ADDRESS partition at SCN=3436988 with old partition=PART_0 and new partition=PART_3436988
Splitting ORDER_DETAIL partition at SCN=3436988 with old partition=PART_0 and new partition=PART_3436988
Splitting CUSTOMER partition at SCN=3436988 with old partition=PART_0 and new partition=PART_3436988
Splitting DELIVERY partition at SCN=3436988 with old partition=PART_0 and new partition=PART_3436988
DML to partition_config are complete
INFO test_reset: partition reset...


*** partition_reset.sql ***


*** partition_drop.sql ***
Dropping partition target_table1.PART_0
Dropping partition target_table1.PART_0
Dropping partition target_table1.PART_0
Dropping partition target_table1.PART_0
Dropping partition target_table1.PART_0
Dropping partition target_table1.PART_0
Renaming partition ADDRESS.PART_3436988
Renaming partition CUSTOMER.PART_3436988
Renaming partition CUSTOMER_ORDER.PART_3436988
Renaming partition DELIVERY.PART_3436988
Renaming partition MASTER_CUSTOMER.PART_3436988
Renaming partition ORDER_DETAIL.PART_3436988


*** partition_config.sql ***



MODULE_NAME          PARTITION_NAME        BEGIN_SCN    END_SCN
-------------------- -------------------- ---------- ----------
POC                  PART_0                        0


*** partition_query.sql ***

TABLE_OWNER          TABLE_NAME           PARTITION_NAME       HIGH_VALUE
-------------------- -------------------- -------------------- --------------------------------------------------------------------------------
TARGET               ADDRESS              PART_0               MAXVALUE
TARGET               CUSTOMER             PART_0               MAXVALUE
TARGET               CUSTOMER_ORDER       PART_0               MAXVALUE
TARGET               DELIVERY             PART_0               MAXVALUE
TARGET               MASTER_CUSTOMER      PART_0               MAXVALUE
TARGET               ORDER_DETAIL         PART_0               MAXVALUE


ADDRESS.PART_0=0
CUSTOMER.PART_0=0
CUSTOMER_ORDER.PART_0=0
DELIVERY.PART_0=0
MASTER_CUSTOMER.PART_0=0
ORDER_DETAIL.PART_0=0
INFO test_reset: split partition now to avoid writing to PART_0


*** partition_split.sql ***


Getting partitionc config
Current SCN=3437263
Max partition_config SCN=0
Splitting CUSTOMER_ORDER partition at SCN=3437263 with old partition=PART_0 and new partition=PART_3437263
Splitting MASTER_CUSTOMER partition at SCN=3437263 with old partition=PART_0 and new partition=PART_3437263
Splitting ADDRESS partition at SCN=3437263 with old partition=PART_0 and new partition=PART_3437263
Splitting ORDER_DETAIL partition at SCN=3437263 with old partition=PART_0 and new partition=PART_3437263
Splitting CUSTOMER partition at SCN=3437263 with old partition=PART_0 and new partition=PART_3437263
Splitting DELIVERY partition at SCN=3437263 with old partition=PART_0 and new partition=PART_3437263
DML to partition_config are complete

INFO test_reset: wait for OGG to start...
INFO test_data: insert single customer with details
INFO test_data: wait for OGG to catchup...
INFO test_data: split partitions


*** partition_split.sql ***


Getting partitionc config
Current SCN=3437837
Max partition_config SCN=3437263
Splitting CUSTOMER_ORDER partition at SCN=3437837 with old partition=PART_3437263 and new partition=PART_3437837
Splitting MASTER_CUSTOMER partition at SCN=3437837 with old partition=PART_3437263 and new partition=PART_3437837
Splitting ADDRESS partition at SCN=3437837 with old partition=PART_3437263 and new partition=PART_3437837
Splitting ORDER_DETAIL partition at SCN=3437837 with old partition=PART_3437263 and new partition=PART_3437837
Splitting CUSTOMER partition at SCN=3437837 with old partition=PART_3437263 and new partition=PART_3437837
Splitting DELIVERY partition at SCN=3437837 with old partition=PART_3437263 and new partition=PART_3437837
DML to partition_config are complete
INFO test_data: insert single customer with details
INFO test_data: wait for OGG to catchup...
INFO test_data: split partitions


*** partition_split.sql ***


Getting partitionc config
Current SCN=3438109
Max partition_config SCN=3437837
Splitting CUSTOMER_ORDER partition at SCN=3438109 with old partition=PART_3437837 and new partition=PART_3438109
Splitting MASTER_CUSTOMER partition at SCN=3438109 with old partition=PART_3437837 and new partition=PART_3438109
Splitting ADDRESS partition at SCN=3438109 with old partition=PART_3437837 and new partition=PART_3438109
Splitting ORDER_DETAIL partition at SCN=3438109 with old partition=PART_3437837 and new partition=PART_3438109
Splitting CUSTOMER partition at SCN=3438109 with old partition=PART_3437837 and new partition=PART_3438109
Splitting DELIVERY partition at SCN=3438109 with old partition=PART_3437837 and new partition=PART_3438109
DML to partition_config are complete
INFO test_data: insert single customer with details
INFO test_data: update first customer
INFO test_data: wait for OGG to catchup...
INFO test_data: split partitions


*** partition_split.sql ***


Getting partitionc config
Current SCN=3438374
Max partition_config SCN=3438109
Splitting CUSTOMER_ORDER partition at SCN=3438374 with old partition=PART_3438109 and new partition=PART_3438374
Splitting MASTER_CUSTOMER partition at SCN=3438374 with old partition=PART_3438109 and new partition=PART_3438374
Splitting ADDRESS partition at SCN=3438374 with old partition=PART_3438109 and new partition=PART_3438374
Splitting ORDER_DETAIL partition at SCN=3438374 with old partition=PART_3438109 and new partition=PART_3438374
Splitting CUSTOMER partition at SCN=3438374 with old partition=PART_3438109 and new partition=PART_3438374
Splitting DELIVERY partition at SCN=3438374 with old partition=PART_3438109 and new partition=PART_3438374
DML to partition_config are complete
INFO poc_e2e: query the result


*** source_query.sql ***


CUSTOMER=3
CUSTOMER_ORDER=12
ORDER_DETAIL=60
ADDRESS=6
DELIVERY=12


*** partition_query.sql ***

TABLE_OWNER          TABLE_NAME           PARTITION_NAME       HIGH_VALUE
-------------------- -------------------- -------------------- --------------------------------------------------------------------------------
TARGET               ADDRESS              PART_0               3437263
TARGET               ADDRESS              PART_3437263         3437837
TARGET               ADDRESS              PART_3437837         3438109
TARGET               ADDRESS              PART_3438109         3438374
TARGET               ADDRESS              PART_3438374         MAXVALUE
TARGET               CUSTOMER             PART_0               3437263
TARGET               CUSTOMER             PART_3437263         3437837
TARGET               CUSTOMER             PART_3437837         3438109
TARGET               CUSTOMER             PART_3438109         3438374
TARGET               CUSTOMER             PART_3438374         MAXVALUE
TARGET               CUSTOMER_ORDER       PART_0               3437263
TARGET               CUSTOMER_ORDER       PART_3437263         3437837
TARGET               CUSTOMER_ORDER       PART_3437837         3438109
TARGET               CUSTOMER_ORDER       PART_3438109         3438374
TARGET               CUSTOMER_ORDER       PART_3438374         MAXVALUE
TARGET               DELIVERY             PART_0               3437263
TARGET               DELIVERY             PART_3437263         3437837
TARGET               DELIVERY             PART_3437837         3438109
TARGET               DELIVERY             PART_3438109         3438374
TARGET               DELIVERY             PART_3438374         MAXVALUE
TARGET               MASTER_CUSTOMER      PART_0               3437263
TARGET               MASTER_CUSTOMER      PART_3437263         3437837
TARGET               MASTER_CUSTOMER      PART_3437837         3438109
TARGET               MASTER_CUSTOMER      PART_3438109         3438374
TARGET               MASTER_CUSTOMER      PART_3438374         MAXVALUE
TARGET               ORDER_DETAIL         PART_0               3437263
TARGET               ORDER_DETAIL         PART_3437263         3437837
TARGET               ORDER_DETAIL         PART_3437837         3438109
TARGET               ORDER_DETAIL         PART_3438109         3438374
TARGET               ORDER_DETAIL         PART_3438374         MAXVALUE


ADDRESS.PART_0=0
ADDRESS.PART_3437263=2
ADDRESS.PART_3437837=2
ADDRESS.PART_3438109=2
ADDRESS.PART_3438374=0
CUSTOMER.PART_0=0
CUSTOMER.PART_3437263=1
CUSTOMER.PART_3437837=1
CUSTOMER.PART_3438109=1
CUSTOMER.PART_3438374=0
CUSTOMER_ORDER.PART_0=0
CUSTOMER_ORDER.PART_3437263=4
CUSTOMER_ORDER.PART_3437837=4
CUSTOMER_ORDER.PART_3438109=4
CUSTOMER_ORDER.PART_3438374=0
DELIVERY.PART_0=0
DELIVERY.PART_3437263=4
DELIVERY.PART_3437837=4
DELIVERY.PART_3438109=4
DELIVERY.PART_3438374=0
MASTER_CUSTOMER.PART_0=0
MASTER_CUSTOMER.PART_3437263=0
MASTER_CUSTOMER.PART_3437837=0
MASTER_CUSTOMER.PART_3438109=0
MASTER_CUSTOMER.PART_3438374=0
ORDER_DETAIL.PART_0=0
ORDER_DETAIL.PART_3437263=20
ORDER_DETAIL.PART_3437837=20
ORDER_DETAIL.PART_3438109=20
ORDER_DETAIL.PART_3438374=0


*** gen_masterdata.sql ***



Processing:PART_3437263 begin_scn=3437263, end_scn=3437836:

Master: CUSTOMER Level=0 L1= L2=
insert into target.MASTER_CUSTOMER (optype, rid, scnno)
select 'I', master.rowid, 3437749
				from source.CUSTOMER@source_link as of scn 3437749 master
				where master.rowid = 'AAASMSAAMAAAACUAAD'

Master: CUSTOMER Level=1 L1=CUSTOMER_ORDER L2=
insert into target.MASTER_CUSTOMER (optype, rid, scnno)
select 'C', master.rowid, 3437749
				from source.CUSTOMER@source_link as of scn 3437749 master,
					 source.CUSTOMER_ORDER@source_link as of scn 3437749 child
				where child.rowid = 'AAASMVAAMAAAAC0AAN'
				and   master.ID = child.CUSTOMER_ID
insert into target.MASTER_CUSTOMER (optype, rid, scnno)
select 'C', master.rowid, 3437749
				from source.CUSTOMER@source_link as of scn 3437749 master,
					 source.CUSTOMER_ORDER@source_link as of scn 3437749 child
				where child.rowid = 'AAASMVAAMAAAAC0AAP'
				and   master.ID = child.CUSTOMER_ID
insert into target.MASTER_CUSTOMER (optype, rid, scnno)
select 'C', master.rowid, 3437749
				from source.CUSTOMER@source_link as of scn 3437749 master,
					 source.CUSTOMER_ORDER@source_link as of scn 3437749 child
				where child.rowid = 'AAASMVAAMAAAAC0AAO'
				and   master.ID = child.CUSTOMER_ID
insert into target.MASTER_CUSTOMER (optype, rid, scnno)
select 'C', master.rowid, 3437749
				from source.CUSTOMER@source_link as of scn 3437749 master,
					 source.CUSTOMER_ORDER@source_link as of scn 3437749 child
				where child.rowid = 'AAASMVAAMAAAAC0AAM'
				and   master.ID = child.CUSTOMER_ID

Master: CUSTOMER Level=1 L1=ADDRESS L2=
insert into target.MASTER_CUSTOMER (optype, rid, scnno)
select 'C', master.rowid, 3437749
				from source.CUSTOMER@source_link as of scn 3437749 master,
					 source.ADDRESS@source_link as of scn 3437749 child
				where child.rowid = 'AAASMbAAMAAAACkAAG'
				and   master.ID = child.CUSTOMER_ID
insert into target.MASTER_CUSTOMER (optype, rid, scnno)
select 'C', master.rowid, 3437749
				from source.CUSTOMER@source_link as of scn 3437749 master,
					 source.ADDRESS@source_link as of scn 3437749 child
				where child.rowid = 'AAASMbAAMAAAACkAAH'
				and   master.ID = child.CUSTOMER_ID

Master: CUSTOMER Level=2 L1=CUSTOMER_ORDER L2=ORDER_DETAIL
insert into target.MASTER_CUSTOMER (optype, rid, scnno)
select 'C', master.rowid, 3437749
				from source.CUSTOMER@source_link as of scn 3437749 master,
					 source.CUSTOMER_ORDER@source_link as of scn 3437749 childL1,
					 source.ORDER_DETAIL@source_link as of scn 3437749 childL2
				where childL2.rowid = 'AAASMYAAMAAAADEAA8'
				and   master.ID = childL1.CUSTOMER_ID
				and   master.ID = childL2.ORDER_ID
insert into target.MASTER_CUSTOMER (optype, rid, scnno)
select 'C', master.rowid, 3437749
				from source.CUSTOMER@source_link as of scn 3437749 master,
					 source.CUSTOMER_ORDER@source_link as of scn 3437749 childL1,
					 source.ORDER_DETAIL@source_link as of scn 3437749 childL2
				where childL2.rowid = 'AAASMYAAMAAAADEABP'
				and   master.ID = childL1.CUSTOMER_ID
				and   master.ID = childL2.ORDER_ID
insert into target.MASTER_CUSTOMER (optype, rid, scnno)
select 'C', master.rowid, 3437749
				from source.CUSTOMER@source_link as of scn 3437749 master,
					 source.CUSTOMER_ORDER@source_link as of scn 3437749 childL1,
					 source.ORDER_DETAIL@source_link as of scn 3437749 childL2
				where childL2.rowid = 'AAASMYAAMAAAADEABJ'
				and   master.ID = childL1.CUSTOMER_ID
				and   master.ID = childL2.ORDER_ID
insert into target.MASTER_CUSTOMER (optype, rid, scnno)
select 'C', master.rowid, 3437749
				from source.CUSTOMER@source_link as of scn 3437749 master,
					 source.CUSTOMER_ORDER@source_link as of scn 3437749 childL1,
					 source.ORDER_DETAIL@source_link as of scn 3437749 childL2
				where childL2.rowid = 'AAASMYAAMAAAADEABN'
				and   master.ID = childL1.CUSTOMER_ID
				and   master.ID = childL2.ORDER_ID
insert into target.MASTER_CUSTOMER (optype, rid, scnno)
select 'C', master.rowid, 3437749
				from source.CUSTOMER@source_link as of scn 3437749 master,
					 source.CUSTOMER_ORDER@source_link as of scn 3437749 childL1,
					 source.ORDER_DETAIL@source_link as of scn 3437749 childL2
				where childL2.rowid = 'AAASMYAAMAAAADEABE'
				and   master.ID = childL1.CUSTOMER_ID
				and   master.ID = childL2.ORDER_ID
insert into target.MASTER_CUSTOMER (optype, rid, scnno)
select 'C', master.rowid, 3437749
				from source.CUSTOMER@source_link as of scn 3437749 master,
					 source.CUSTOMER_ORDER@source_link as of scn 3437749 childL1,
					 source.ORDER_DETAIL@source_link as of scn 3437749 childL2
				where childL2.rowid = 'AAASMYAAMAAAADEABI'
				and   master.ID = childL1.CUSTOMER_ID
				and   master.ID = childL2.ORDER_ID
insert into target.MASTER_CUSTOMER (optype, rid, scnno)
select 'C', master.rowid, 3437749
				from source.CUSTOMER@source_link as of scn 3437749 master,
					 source.CUSTOMER_ORDER@source_link as of scn 3437749 childL1,
					 source.ORDER_DETAIL@source_link as of scn 3437749 childL2
				where childL2.rowid = 'AAASMYAAMAAAADEAA9'
				and   master.ID = childL1.CUSTOMER_ID
				and   master.ID = childL2.ORDER_ID
insert into target.MASTER_CUSTOMER (optype, rid, scnno)
select 'C', master.rowid, 3437749
				from source.CUSTOMER@source_link as of scn 3437749 master,
					 source.CUSTOMER_ORDER@source_link as of scn 3437749 childL1,
					 source.ORDER_DETAIL@source_link as of scn 3437749 childL2
				where childL2.rowid = 'AAASMYAAMAAAADEABC'
				and   master.ID = childL1.CUSTOMER_ID
				and   master.ID = childL2.ORDER_ID
insert into target.MASTER_CUSTOMER (optype, rid, scnno)
select 'C', master.rowid, 3437749
				from source.CUSTOMER@source_link as of scn 3437749 master,
					 source.CUSTOMER_ORDER@source_link as of scn 3437749 childL1,
					 source.ORDER_DETAIL@source_link as of scn 3437749 childL2
				where childL2.rowid = 'AAASMYAAMAAAADEABK'
				and   master.ID = childL1.CUSTOMER_ID
				and   master.ID = childL2.ORDER_ID
insert into target.MASTER_CUSTOMER (optype, rid, scnno)
select 'C', master.rowid, 3437749
				from source.CUSTOMER@source_link as of scn 3437749 master,
					 source.CUSTOMER_ORDER@source_link as of scn 3437749 childL1,
					 source.ORDER_DETAIL@source_link as of scn 3437749 childL2
				where childL2.rowid = 'AAASMYAAMAAAADEABL'
				and   master.ID = childL1.CUSTOMER_ID
				and   master.ID = childL2.ORDER_ID
insert into target.MASTER_CUSTOMER (optype, rid, scnno)
select 'C', master.rowid, 3437749
				from source.CUSTOMER@source_link as of scn 3437749 master,
					 source.CUSTOMER_ORDER@source_link as of scn 3437749 childL1,
					 source.ORDER_DETAIL@source_link as of scn 3437749 childL2
				where childL2.rowid = 'AAASMYAAMAAAADEABD'
				and   master.ID = childL1.CUSTOMER_ID
				and   master.ID = childL2.ORDER_ID
insert into target.MASTER_CUSTOMER (optype, rid, scnno)
select 'C', master.rowid, 3437749
				from source.CUSTOMER@source_link as of scn 3437749 master,
					 source.CUSTOMER_ORDER@source_link as of scn 3437749 childL1,
					 source.ORDER_DETAIL@source_link as of scn 3437749 childL2
				where childL2.rowid = 'AAASMYAAMAAAADEABF'
				and   master.ID = childL1.CUSTOMER_ID
				and   master.ID = childL2.ORDER_ID
insert into target.MASTER_CUSTOMER (optype, rid, scnno)
select 'C', master.rowid, 3437749
				from source.CUSTOMER@source_link as of scn 3437749 master,
					 source.CUSTOMER_ORDER@source_link as of scn 3437749 childL1,
					 source.ORDER_DETAIL@source_link as of scn 3437749 childL2
				where childL2.rowid = 'AAASMYAAMAAAADEABM'
				and   master.ID = childL1.CUSTOMER_ID
				and   master.ID = childL2.ORDER_ID
insert into target.MASTER_CUSTOMER (optype, rid, scnno)
select 'C', master.rowid, 3437749
				from source.CUSTOMER@source_link as of scn 3437749 master,
					 source.CUSTOMER_ORDER@source_link as of scn 3437749 childL1,
					 source.ORDER_DETAIL@source_link as of scn 3437749 childL2
				where childL2.rowid = 'AAASMYAAMAAAADEAA+'
				and   master.ID = childL1.CUSTOMER_ID
				and   master.ID = childL2.ORDER_ID
insert into target.MASTER_CUSTOMER (optype, rid, scnno)
select 'C', master.rowid, 3437749
				from source.CUSTOMER@source_link as of scn 3437749 master,
					 source.CUSTOMER_ORDER@source_link as of scn 3437749 childL1,
					 source.ORDER_DETAIL@source_link as of scn 3437749 childL2
				where childL2.rowid = 'AAASMYAAMAAAADEABG'
				and   master.ID = childL1.CUSTOMER_ID
				and   master.ID = childL2.ORDER_ID
insert into target.MASTER_CUSTOMER (optype, rid, scnno)
select 'C', master.rowid, 3437749
				from source.CUSTOMER@source_link as of scn 3437749 master,
					 source.CUSTOMER_ORDER@source_link as of scn 3437749 childL1,
					 source.ORDER_DETAIL@source_link as of scn 3437749 childL2
				where childL2.rowid = 'AAASMYAAMAAAADEABH'
				and   master.ID = childL1.CUSTOMER_ID
				and   master.ID = childL2.ORDER_ID
insert into target.MASTER_CUSTOMER (optype, rid, scnno)
select 'C', master.rowid, 3437749
				from source.CUSTOMER@source_link as of scn 3437749 master,
					 source.CUSTOMER_ORDER@source_link as of scn 3437749 childL1,
					 source.ORDER_DETAIL@source_link as of scn 3437749 childL2
				where childL2.rowid = 'AAASMYAAMAAAADEABA'
				and   master.ID = childL1.CUSTOMER_ID
				and   master.ID = childL2.ORDER_ID
insert into target.MASTER_CUSTOMER (optype, rid, scnno)
select 'C', master.rowid, 3437749
				from source.CUSTOMER@source_link as of scn 3437749 master,
					 source.CUSTOMER_ORDER@source_link as of scn 3437749 childL1,
					 source.ORDER_DETAIL@source_link as of scn 3437749 childL2
				where childL2.rowid = 'AAASMYAAMAAAADEABB'
				and   master.ID = childL1.CUSTOMER_ID
				and   master.ID = childL2.ORDER_ID
insert into target.MASTER_CUSTOMER (optype, rid, scnno)
select 'C', master.rowid, 3437749
				from source.CUSTOMER@source_link as of scn 3437749 master,
					 source.CUSTOMER_ORDER@source_link as of scn 3437749 childL1,
					 source.ORDER_DETAIL@source_link as of scn 3437749 childL2
				where childL2.rowid = 'AAASMYAAMAAAADEABO'
				and   master.ID = childL1.CUSTOMER_ID
				and   master.ID = childL2.ORDER_ID
insert into target.MASTER_CUSTOMER (optype, rid, scnno)
select 'C', master.rowid, 3437749
				from source.CUSTOMER@source_link as of scn 3437749 master,
					 source.CUSTOMER_ORDER@source_link as of scn 3437749 childL1,
					 source.ORDER_DETAIL@source_link as of scn 3437749 childL2
				where childL2.rowid = 'AAASMYAAMAAAADEAA/'
				and   master.ID = childL1.CUSTOMER_ID
				and   master.ID = childL2.ORDER_ID

Master: CUSTOMER Level=2 L1=ADDRESS L2=DELIVERY
insert into target.MASTER_CUSTOMER (optype, rid, scnno)
select 'C', master.rowid, 3437749
				from source.CUSTOMER@source_link as of scn 3437749 master,
					 source.ADDRESS@source_link as of scn 3437749 childL1,
					 source.DELIVERY@source_link as of scn 3437749 childL2
				where childL2.rowid = 'AAASMeAAMAAAADUAAN'
				and   master.ID = childL1.CUSTOMER_ID
				and   master.ID = childL2.ADDRESS_ID
insert into target.MASTER_CUSTOMER (optype, rid, scnno)
select 'C', master.rowid, 3437749
				from source.CUSTOMER@source_link as of scn 3437749 master,
					 source.ADDRESS@source_link as of scn 3437749 childL1,
					 source.DELIVERY@source_link as of scn 3437749 childL2
				where childL2.rowid = 'AAASMeAAMAAAADUAAM'
				and   master.ID = childL1.CUSTOMER_ID
				and   master.ID = childL2.ADDRESS_ID
insert into target.MASTER_CUSTOMER (optype, rid, scnno)
select 'C', master.rowid, 3437749
				from source.CUSTOMER@source_link as of scn 3437749 master,
					 source.ADDRESS@source_link as of scn 3437749 childL1,
					 source.DELIVERY@source_link as of scn 3437749 childL2
				where childL2.rowid = 'AAASMeAAMAAAADUAAP'
				and   master.ID = childL1.CUSTOMER_ID
				and   master.ID = childL2.ADDRESS_ID
insert into target.MASTER_CUSTOMER (optype, rid, scnno)
select 'C', master.rowid, 3437749
				from source.CUSTOMER@source_link as of scn 3437749 master,
					 source.ADDRESS@source_link as of scn 3437749 childL1,
					 source.DELIVERY@source_link as of scn 3437749 childL2
				where childL2.rowid = 'AAASMeAAMAAAADUAAO'
				and   master.ID = childL1.CUSTOMER_ID
				and   master.ID = childL2.ADDRESS_ID

Processing:PART_3437837 begin_scn=3437837, end_scn=3438108:

Master: CUSTOMER Level=0 L1= L2=
insert into target.MASTER_CUSTOMER (optype, rid, scnno)
select 'I', master.rowid, 3437969
				from source.CUSTOMER@source_link as of scn 3437969 master
				where master.rowid = 'AAASMSAAMAAAACUAAE'

Master: CUSTOMER Level=1 L1=CUSTOMER_ORDER L2=
insert into target.MASTER_CUSTOMER (optype, rid, scnno)
select 'C', master.rowid, 3437969
				from source.CUSTOMER@source_link as of scn 3437969 master,
					 source.CUSTOMER_ORDER@source_link as of scn 3437969 child
				where child.rowid = 'AAASMVAAMAAAAC0AAA'
				and   master.ID = child.CUSTOMER_ID
insert into target.MASTER_CUSTOMER (optype, rid, scnno)
select 'C', master.rowid, 3437969
				from source.CUSTOMER@source_link as of scn 3437969 master,
					 source.CUSTOMER_ORDER@source_link as of scn 3437969 child
				where child.rowid = 'AAASMVAAMAAAAC0AAB'
				and   master.ID = child.CUSTOMER_ID
insert into target.MASTER_CUSTOMER (optype, rid, scnno)
select 'C', master.rowid, 3437969
				from source.CUSTOMER@source_link as of scn 3437969 master,
					 source.CUSTOMER_ORDER@source_link as of scn 3437969 child
				where child.rowid = 'AAASMVAAMAAAAC0AAQ'
				and   master.ID = child.CUSTOMER_ID
insert into target.MASTER_CUSTOMER (optype, rid, scnno)
select 'C', master.rowid, 3437969
				from source.CUSTOMER@source_link as of scn 3437969 master,
					 source.CUSTOMER_ORDER@source_link as of scn 3437969 child
				where child.rowid = 'AAASMVAAMAAAAC0AAC'
				and   master.ID = child.CUSTOMER_ID

Master: CUSTOMER Level=1 L1=ADDRESS L2=
insert into target.MASTER_CUSTOMER (optype, rid, scnno)
select 'C', master.rowid, 3437969
				from source.CUSTOMER@source_link as of scn 3437969 master,
					 source.ADDRESS@source_link as of scn 3437969 child
				where child.rowid = 'AAASMbAAMAAAACkAAA'
				and   master.ID = child.CUSTOMER_ID
insert into target.MASTER_CUSTOMER (optype, rid, scnno)
select 'C', master.rowid, 3437969
				from source.CUSTOMER@source_link as of scn 3437969 master,
					 source.ADDRESS@source_link as of scn 3437969 child
				where child.rowid = 'AAASMbAAMAAAACkAAI'
				and   master.ID = child.CUSTOMER_ID

Master: CUSTOMER Level=2 L1=CUSTOMER_ORDER L2=ORDER_DETAIL
insert into target.MASTER_CUSTOMER (optype, rid, scnno)
select 'C', master.rowid, 3437969
				from source.CUSTOMER@source_link as of scn 3437969 master,
					 source.CUSTOMER_ORDER@source_link as of scn 3437969 childL1,
					 source.ORDER_DETAIL@source_link as of scn 3437969 childL2
				where childL2.rowid = 'AAASMYAAMAAAADEAAE'
				and   master.ID = childL1.CUSTOMER_ID
				and   master.ID = childL2.ORDER_ID
insert into target.MASTER_CUSTOMER (optype, rid, scnno)
select 'C', master.rowid, 3437969
				from source.CUSTOMER@source_link as of scn 3437969 master,
					 source.CUSTOMER_ORDER@source_link as of scn 3437969 childL1,
					 source.ORDER_DETAIL@source_link as of scn 3437969 childL2
				where childL2.rowid = 'AAASMYAAMAAAADEAAQ'
				and   master.ID = childL1.CUSTOMER_ID
				and   master.ID = childL2.ORDER_ID
insert into target.MASTER_CUSTOMER (optype, rid, scnno)
select 'C', master.rowid, 3437969
				from source.CUSTOMER@source_link as of scn 3437969 master,
					 source.CUSTOMER_ORDER@source_link as of scn 3437969 childL1,
					 source.ORDER_DETAIL@source_link as of scn 3437969 childL2
				where childL2.rowid = 'AAASMYAAMAAAADEAAH'
				and   master.ID = childL1.CUSTOMER_ID
				and   master.ID = childL2.ORDER_ID
insert into target.MASTER_CUSTOMER (optype, rid, scnno)
select 'C', master.rowid, 3437969
				from source.CUSTOMER@source_link as of scn 3437969 master,
					 source.CUSTOMER_ORDER@source_link as of scn 3437969 childL1,
					 source.ORDER_DETAIL@source_link as of scn 3437969 childL2
				where childL2.rowid = 'AAASMYAAMAAAADEAAF'
				and   master.ID = childL1.CUSTOMER_ID
				and   master.ID = childL2.ORDER_ID
insert into target.MASTER_CUSTOMER (optype, rid, scnno)
select 'C', master.rowid, 3437969
				from source.CUSTOMER@source_link as of scn 3437969 master,
					 source.CUSTOMER_ORDER@source_link as of scn 3437969 childL1,
					 source.ORDER_DETAIL@source_link as of scn 3437969 childL2
				where childL2.rowid = 'AAASMYAAMAAAADEAAJ'
				and   master.ID = childL1.CUSTOMER_ID
				and   master.ID = childL2.ORDER_ID
insert into target.MASTER_CUSTOMER (optype, rid, scnno)
select 'C', master.rowid, 3437969
				from source.CUSTOMER@source_link as of scn 3437969 master,
					 source.CUSTOMER_ORDER@source_link as of scn 3437969 childL1,
					 source.ORDER_DETAIL@source_link as of scn 3437969 childL2
				where childL2.rowid = 'AAASMYAAMAAAADEAAS'
				and   master.ID = childL1.CUSTOMER_ID
				and   master.ID = childL2.ORDER_ID
insert into target.MASTER_CUSTOMER (optype, rid, scnno)
select 'C', master.rowid, 3437969
				from source.CUSTOMER@source_link as of scn 3437969 master,
					 source.CUSTOMER_ORDER@source_link as of scn 3437969 childL1,
					 source.ORDER_DETAIL@source_link as of scn 3437969 childL2
				where childL2.rowid = 'AAASMYAAMAAAADEAAL'
				and   master.ID = childL1.CUSTOMER_ID
				and   master.ID = childL2.ORDER_ID
insert into target.MASTER_CUSTOMER (optype, rid, scnno)
select 'C', master.rowid, 3437969
				from source.CUSTOMER@source_link as of scn 3437969 master,
					 source.CUSTOMER_ORDER@source_link as of scn 3437969 childL1,
					 source.ORDER_DETAIL@source_link as of scn 3437969 childL2
				where childL2.rowid = 'AAASMYAAMAAAADEAAA'
				and   master.ID = childL1.CUSTOMER_ID
				and   master.ID = childL2.ORDER_ID
insert into target.MASTER_CUSTOMER (optype, rid, scnno)
select 'C', master.rowid, 3437969
				from source.CUSTOMER@source_link as of scn 3437969 master,
					 source.CUSTOMER_ORDER@source_link as of scn 3437969 childL1,
					 source.ORDER_DETAIL@source_link as of scn 3437969 childL2
				where childL2.rowid = 'AAASMYAAMAAAADEAAC'
				and   master.ID = childL1.CUSTOMER_ID
				and   master.ID = childL2.ORDER_ID
insert into target.MASTER_CUSTOMER (optype, rid, scnno)
select 'C', master.rowid, 3437969
				from source.CUSTOMER@source_link as of scn 3437969 master,
					 source.CUSTOMER_ORDER@source_link as of scn 3437969 childL1,
					 source.ORDER_DETAIL@source_link as of scn 3437969 childL2
				where childL2.rowid = 'AAASMYAAMAAAADEAAK'
				and   master.ID = childL1.CUSTOMER_ID
				and   master.ID = childL2.ORDER_ID
insert into target.MASTER_CUSTOMER (optype, rid, scnno)
select 'C', master.rowid, 3437969
				from source.CUSTOMER@source_link as of scn 3437969 master,
					 source.CUSTOMER_ORDER@source_link as of scn 3437969 childL1,
					 source.ORDER_DETAIL@source_link as of scn 3437969 childL2
				where childL2.rowid = 'AAASMYAAMAAAADEAAB'
				and   master.ID = childL1.CUSTOMER_ID
				and   master.ID = childL2.ORDER_ID
insert into target.MASTER_CUSTOMER (optype, rid, scnno)
select 'C', master.rowid, 3437969
				from source.CUSTOMER@source_link as of scn 3437969 master,
					 source.CUSTOMER_ORDER@source_link as of scn 3437969 childL1,
					 source.ORDER_DETAIL@source_link as of scn 3437969 childL2
				where childL2.rowid = 'AAASMYAAMAAAADEAAN'
				and   master.ID = childL1.CUSTOMER_ID
				and   master.ID = childL2.ORDER_ID
insert into target.MASTER_CUSTOMER (optype, rid, scnno)
select 'C', master.rowid, 3437969
				from source.CUSTOMER@source_link as of scn 3437969 master,
					 source.CUSTOMER_ORDER@source_link as of scn 3437969 childL1,
					 source.ORDER_DETAIL@source_link as of scn 3437969 childL2
				where childL2.rowid = 'AAASMYAAMAAAADEAAR'
				and   master.ID = childL1.CUSTOMER_ID
				and   master.ID = childL2.ORDER_ID
insert into target.MASTER_CUSTOMER (optype, rid, scnno)
select 'C', master.rowid, 3437969
				from source.CUSTOMER@source_link as of scn 3437969 master,
					 source.CUSTOMER_ORDER@source_link as of scn 3437969 childL1,
					 source.ORDER_DETAIL@source_link as of scn 3437969 childL2
				where childL2.rowid = 'AAASMYAAMAAAADEABQ'
				and   master.ID = childL1.CUSTOMER_ID
				and   master.ID = childL2.ORDER_ID
insert into target.MASTER_CUSTOMER (optype, rid, scnno)
select 'C', master.rowid, 3437969
				from source.CUSTOMER@source_link as of scn 3437969 master,
					 source.CUSTOMER_ORDER@source_link as of scn 3437969 childL1,
					 source.ORDER_DETAIL@source_link as of scn 3437969 childL2
				where childL2.rowid = 'AAASMYAAMAAAADEAAI'
				and   master.ID = childL1.CUSTOMER_ID
				and   master.ID = childL2.ORDER_ID
insert into target.MASTER_CUSTOMER (optype, rid, scnno)
select 'C', master.rowid, 3437969
				from source.CUSTOMER@source_link as of scn 3437969 master,
					 source.CUSTOMER_ORDER@source_link as of scn 3437969 childL1,
					 source.ORDER_DETAIL@source_link as of scn 3437969 childL2
				where childL2.rowid = 'AAASMYAAMAAAADEAAP'
				and   master.ID = childL1.CUSTOMER_ID
				and   master.ID = childL2.ORDER_ID
insert into target.MASTER_CUSTOMER (optype, rid, scnno)
select 'C', master.rowid, 3437969
				from source.CUSTOMER@source_link as of scn 3437969 master,
					 source.CUSTOMER_ORDER@source_link as of scn 3437969 childL1,
					 source.ORDER_DETAIL@source_link as of scn 3437969 childL2
				where childL2.rowid = 'AAASMYAAMAAAADEAAD'
				and   master.ID = childL1.CUSTOMER_ID
				and   master.ID = childL2.ORDER_ID
insert into target.MASTER_CUSTOMER (optype, rid, scnno)
select 'C', master.rowid, 3437969
				from source.CUSTOMER@source_link as of scn 3437969 master,
					 source.CUSTOMER_ORDER@source_link as of scn 3437969 childL1,
					 source.ORDER_DETAIL@source_link as of scn 3437969 childL2
				where childL2.rowid = 'AAASMYAAMAAAADEAAM'
				and   master.ID = childL1.CUSTOMER_ID
				and   master.ID = childL2.ORDER_ID
insert into target.MASTER_CUSTOMER (optype, rid, scnno)
select 'C', master.rowid, 3437969
				from source.CUSTOMER@source_link as of scn 3437969 master,
					 source.CUSTOMER_ORDER@source_link as of scn 3437969 childL1,
					 source.ORDER_DETAIL@source_link as of scn 3437969 childL2
				where childL2.rowid = 'AAASMYAAMAAAADEAAO'
				and   master.ID = childL1.CUSTOMER_ID
				and   master.ID = childL2.ORDER_ID
insert into target.MASTER_CUSTOMER (optype, rid, scnno)
select 'C', master.rowid, 3437969
				from source.CUSTOMER@source_link as of scn 3437969 master,
					 source.CUSTOMER_ORDER@source_link as of scn 3437969 childL1,
					 source.ORDER_DETAIL@source_link as of scn 3437969 childL2
				where childL2.rowid = 'AAASMYAAMAAAADEAAG'
				and   master.ID = childL1.CUSTOMER_ID
				and   master.ID = childL2.ORDER_ID

Master: CUSTOMER Level=2 L1=ADDRESS L2=DELIVERY
insert into target.MASTER_CUSTOMER (optype, rid, scnno)
select 'C', master.rowid, 3437969
				from source.CUSTOMER@source_link as of scn 3437969 master,
					 source.ADDRESS@source_link as of scn 3437969 childL1,
					 source.DELIVERY@source_link as of scn 3437969 childL2
				where childL2.rowid = 'AAASMeAAMAAAADUAAA'
				and   master.ID = childL1.CUSTOMER_ID
				and   master.ID = childL2.ADDRESS_ID
insert into target.MASTER_CUSTOMER (optype, rid, scnno)
select 'C', master.rowid, 3437969
				from source.CUSTOMER@source_link as of scn 3437969 master,
					 source.ADDRESS@source_link as of scn 3437969 childL1,
					 source.DELIVERY@source_link as of scn 3437969 childL2
				where childL2.rowid = 'AAASMeAAMAAAADUAAB'
				and   master.ID = childL1.CUSTOMER_ID
				and   master.ID = childL2.ADDRESS_ID
insert into target.MASTER_CUSTOMER (optype, rid, scnno)
select 'C', master.rowid, 3437969
				from source.CUSTOMER@source_link as of scn 3437969 master,
					 source.ADDRESS@source_link as of scn 3437969 childL1,
					 source.DELIVERY@source_link as of scn 3437969 childL2
				where childL2.rowid = 'AAASMeAAMAAAADUAAQ'
				and   master.ID = childL1.CUSTOMER_ID
				and   master.ID = childL2.ADDRESS_ID
insert into target.MASTER_CUSTOMER (optype, rid, scnno)
select 'C', master.rowid, 3437969
				from source.CUSTOMER@source_link as of scn 3437969 master,
					 source.ADDRESS@source_link as of scn 3437969 childL1,
					 source.DELIVERY@source_link as of scn 3437969 childL2
				where childL2.rowid = 'AAASMeAAMAAAADUAAC'
				and   master.ID = childL1.CUSTOMER_ID
				and   master.ID = childL2.ADDRESS_ID

Processing:PART_3438109 begin_scn=3438109, end_scn=3438373:

Master: CUSTOMER Level=0 L1= L2=
insert into target.MASTER_CUSTOMER (optype, rid, scnno)
select 'I', master.rowid, 3438240
				from source.CUSTOMER@source_link as of scn 3438240 master
				where master.rowid = 'AAASMSAAMAAAACUAAA'

Master: CUSTOMER Level=1 L1=CUSTOMER_ORDER L2=
insert into target.MASTER_CUSTOMER (optype, rid, scnno)
select 'C', master.rowid, 3438240
				from source.CUSTOMER@source_link as of scn 3438240 master,
					 source.CUSTOMER_ORDER@source_link as of scn 3438240 child
				where child.rowid = 'AAASMVAAMAAAAC0AAD'
				and   master.ID = child.CUSTOMER_ID
insert into target.MASTER_CUSTOMER (optype, rid, scnno)
select 'C', master.rowid, 3438240
				from source.CUSTOMER@source_link as of scn 3438240 master,
					 source.CUSTOMER_ORDER@source_link as of scn 3438240 child
				where child.rowid = 'AAASMVAAMAAAAC0AAG'
				and   master.ID = child.CUSTOMER_ID
insert into target.MASTER_CUSTOMER (optype, rid, scnno)
select 'C', master.rowid, 3438240
				from source.CUSTOMER@source_link as of scn 3438240 master,
					 source.CUSTOMER_ORDER@source_link as of scn 3438240 child
				where child.rowid = 'AAASMVAAMAAAAC0AAF'
				and   master.ID = child.CUSTOMER_ID
insert into target.MASTER_CUSTOMER (optype, rid, scnno)
select 'C', master.rowid, 3438240
				from source.CUSTOMER@source_link as of scn 3438240 master,
					 source.CUSTOMER_ORDER@source_link as of scn 3438240 child
				where child.rowid = 'AAASMVAAMAAAAC0AAE'
				and   master.ID = child.CUSTOMER_ID

Master: CUSTOMER Level=1 L1=ADDRESS L2=
insert into target.MASTER_CUSTOMER (optype, rid, scnno)
select 'C', master.rowid, 3438240
				from source.CUSTOMER@source_link as of scn 3438240 master,
					 source.ADDRESS@source_link as of scn 3438240 child
				where child.rowid = 'AAASMbAAMAAAACkAAC'
				and   master.ID = child.CUSTOMER_ID
insert into target.MASTER_CUSTOMER (optype, rid, scnno)
select 'C', master.rowid, 3438240
				from source.CUSTOMER@source_link as of scn 3438240 master,
					 source.ADDRESS@source_link as of scn 3438240 child
				where child.rowid = 'AAASMbAAMAAAACkAAB'
				and   master.ID = child.CUSTOMER_ID

Master: CUSTOMER Level=2 L1=CUSTOMER_ORDER L2=ORDER_DETAIL
insert into target.MASTER_CUSTOMER (optype, rid, scnno)
select 'C', master.rowid, 3438240
				from source.CUSTOMER@source_link as of scn 3438240 master,
					 source.CUSTOMER_ORDER@source_link as of scn 3438240 childL1,
					 source.ORDER_DETAIL@source_link as of scn 3438240 childL2
				where childL2.rowid = 'AAASMYAAMAAAADEAAY'
				and   master.ID = childL1.CUSTOMER_ID
				and   master.ID = childL2.ORDER_ID
insert into target.MASTER_CUSTOMER (optype, rid, scnno)
select 'C', master.rowid, 3438240
				from source.CUSTOMER@source_link as of scn 3438240 master,
					 source.CUSTOMER_ORDER@source_link as of scn 3438240 childL1,
					 source.ORDER_DETAIL@source_link as of scn 3438240 childL2
				where childL2.rowid = 'AAASMYAAMAAAADEAAl'
				and   master.ID = childL1.CUSTOMER_ID
				and   master.ID = childL2.ORDER_ID
insert into target.MASTER_CUSTOMER (optype, rid, scnno)
select 'C', master.rowid, 3438240
				from source.CUSTOMER@source_link as of scn 3438240 master,
					 source.CUSTOMER_ORDER@source_link as of scn 3438240 childL1,
					 source.ORDER_DETAIL@source_link as of scn 3438240 childL2
				where childL2.rowid = 'AAASMYAAMAAAADEAAa'
				and   master.ID = childL1.CUSTOMER_ID
				and   master.ID = childL2.ORDER_ID
insert into target.MASTER_CUSTOMER (optype, rid, scnno)
select 'C', master.rowid, 3438240
				from source.CUSTOMER@source_link as of scn 3438240 master,
					 source.CUSTOMER_ORDER@source_link as of scn 3438240 childL1,
					 source.ORDER_DETAIL@source_link as of scn 3438240 childL2
				where childL2.rowid = 'AAASMYAAMAAAADEAAW'
				and   master.ID = childL1.CUSTOMER_ID
				and   master.ID = childL2.ORDER_ID
insert into target.MASTER_CUSTOMER (optype, rid, scnno)
select 'C', master.rowid, 3438240
				from source.CUSTOMER@source_link as of scn 3438240 master,
					 source.CUSTOMER_ORDER@source_link as of scn 3438240 childL1,
					 source.ORDER_DETAIL@source_link as of scn 3438240 childL2
				where childL2.rowid = 'AAASMYAAMAAAADEAAf'
				and   master.ID = childL1.CUSTOMER_ID
				and   master.ID = childL2.ORDER_ID
insert into target.MASTER_CUSTOMER (optype, rid, scnno)
select 'C', master.rowid, 3438240
				from source.CUSTOMER@source_link as of scn 3438240 master,
					 source.CUSTOMER_ORDER@source_link as of scn 3438240 childL1,
					 source.ORDER_DETAIL@source_link as of scn 3438240 childL2
				where childL2.rowid = 'AAASMYAAMAAAADEAAT'
				and   master.ID = childL1.CUSTOMER_ID
				and   master.ID = childL2.ORDER_ID
insert into target.MASTER_CUSTOMER (optype, rid, scnno)
select 'C', master.rowid, 3438240
				from source.CUSTOMER@source_link as of scn 3438240 master,
					 source.CUSTOMER_ORDER@source_link as of scn 3438240 childL1,
					 source.ORDER_DETAIL@source_link as of scn 3438240 childL2
				where childL2.rowid = 'AAASMYAAMAAAADEAAV'
				and   master.ID = childL1.CUSTOMER_ID
				and   master.ID = childL2.ORDER_ID
insert into target.MASTER_CUSTOMER (optype, rid, scnno)
select 'C', master.rowid, 3438240
				from source.CUSTOMER@source_link as of scn 3438240 master,
					 source.CUSTOMER_ORDER@source_link as of scn 3438240 childL1,
					 source.ORDER_DETAIL@source_link as of scn 3438240 childL2
				where childL2.rowid = 'AAASMYAAMAAAADEAAe'
				and   master.ID = childL1.CUSTOMER_ID
				and   master.ID = childL2.ORDER_ID
insert into target.MASTER_CUSTOMER (optype, rid, scnno)
select 'C', master.rowid, 3438240
				from source.CUSTOMER@source_link as of scn 3438240 master,
					 source.CUSTOMER_ORDER@source_link as of scn 3438240 childL1,
					 source.ORDER_DETAIL@source_link as of scn 3438240 childL2
				where childL2.rowid = 'AAASMYAAMAAAADEAAh'
				and   master.ID = childL1.CUSTOMER_ID
				and   master.ID = childL2.ORDER_ID
insert into target.MASTER_CUSTOMER (optype, rid, scnno)
select 'C', master.rowid, 3438240
				from source.CUSTOMER@source_link as of scn 3438240 master,
					 source.CUSTOMER_ORDER@source_link as of scn 3438240 childL1,
					 source.ORDER_DETAIL@source_link as of scn 3438240 childL2
				where childL2.rowid = 'AAASMYAAMAAAADEAAZ'
				and   master.ID = childL1.CUSTOMER_ID
				and   master.ID = childL2.ORDER_ID
insert into target.MASTER_CUSTOMER (optype, rid, scnno)
select 'C', master.rowid, 3438240
				from source.CUSTOMER@source_link as of scn 3438240 master,
					 source.CUSTOMER_ORDER@source_link as of scn 3438240 childL1,
					 source.ORDER_DETAIL@source_link as of scn 3438240 childL2
				where childL2.rowid = 'AAASMYAAMAAAADEAAk'
				and   master.ID = childL1.CUSTOMER_ID
				and   master.ID = childL2.ORDER_ID
insert into target.MASTER_CUSTOMER (optype, rid, scnno)
select 'C', master.rowid, 3438240
				from source.CUSTOMER@source_link as of scn 3438240 master,
					 source.CUSTOMER_ORDER@source_link as of scn 3438240 childL1,
					 source.ORDER_DETAIL@source_link as of scn 3438240 childL2
				where childL2.rowid = 'AAASMYAAMAAAADEAAU'
				and   master.ID = childL1.CUSTOMER_ID
				and   master.ID = childL2.ORDER_ID
insert into target.MASTER_CUSTOMER (optype, rid, scnno)
select 'C', master.rowid, 3438240
				from source.CUSTOMER@source_link as of scn 3438240 master,
					 source.CUSTOMER_ORDER@source_link as of scn 3438240 childL1,
					 source.ORDER_DETAIL@source_link as of scn 3438240 childL2
				where childL2.rowid = 'AAASMYAAMAAAADEAAi'
				and   master.ID = childL1.CUSTOMER_ID
				and   master.ID = childL2.ORDER_ID
insert into target.MASTER_CUSTOMER (optype, rid, scnno)
select 'C', master.rowid, 3438240
				from source.CUSTOMER@source_link as of scn 3438240 master,
					 source.CUSTOMER_ORDER@source_link as of scn 3438240 childL1,
					 source.ORDER_DETAIL@source_link as of scn 3438240 childL2
				where childL2.rowid = 'AAASMYAAMAAAADEAAj'
				and   master.ID = childL1.CUSTOMER_ID
				and   master.ID = childL2.ORDER_ID
insert into target.MASTER_CUSTOMER (optype, rid, scnno)
select 'C', master.rowid, 3438240
				from source.CUSTOMER@source_link as of scn 3438240 master,
					 source.CUSTOMER_ORDER@source_link as of scn 3438240 childL1,
					 source.ORDER_DETAIL@source_link as of scn 3438240 childL2
				where childL2.rowid = 'AAASMYAAMAAAADEAAm'
				and   master.ID = childL1.CUSTOMER_ID
				and   master.ID = childL2.ORDER_ID
insert into target.MASTER_CUSTOMER (optype, rid, scnno)
select 'C', master.rowid, 3438240
				from source.CUSTOMER@source_link as of scn 3438240 master,
					 source.CUSTOMER_ORDER@source_link as of scn 3438240 childL1,
					 source.ORDER_DETAIL@source_link as of scn 3438240 childL2
				where childL2.rowid = 'AAASMYAAMAAAADEAAb'
				and   master.ID = childL1.CUSTOMER_ID
				and   master.ID = childL2.ORDER_ID
insert into target.MASTER_CUSTOMER (optype, rid, scnno)
select 'C', master.rowid, 3438240
				from source.CUSTOMER@source_link as of scn 3438240 master,
					 source.CUSTOMER_ORDER@source_link as of scn 3438240 childL1,
					 source.ORDER_DETAIL@source_link as of scn 3438240 childL2
				where childL2.rowid = 'AAASMYAAMAAAADEAAc'
				and   master.ID = childL1.CUSTOMER_ID
				and   master.ID = childL2.ORDER_ID
insert into target.MASTER_CUSTOMER (optype, rid, scnno)
select 'C', master.rowid, 3438240
				from source.CUSTOMER@source_link as of scn 3438240 master,
					 source.CUSTOMER_ORDER@source_link as of scn 3438240 childL1,
					 source.ORDER_DETAIL@source_link as of scn 3438240 childL2
				where childL2.rowid = 'AAASMYAAMAAAADEAAd'
				and   master.ID = childL1.CUSTOMER_ID
				and   master.ID = childL2.ORDER_ID
insert into target.MASTER_CUSTOMER (optype, rid, scnno)
select 'C', master.rowid, 3438240
				from source.CUSTOMER@source_link as of scn 3438240 master,
					 source.CUSTOMER_ORDER@source_link as of scn 3438240 childL1,
					 source.ORDER_DETAIL@source_link as of scn 3438240 childL2
				where childL2.rowid = 'AAASMYAAMAAAADEAAg'
				and   master.ID = childL1.CUSTOMER_ID
				and   master.ID = childL2.ORDER_ID
insert into target.MASTER_CUSTOMER (optype, rid, scnno)
select 'C', master.rowid, 3438240
				from source.CUSTOMER@source_link as of scn 3438240 master,
					 source.CUSTOMER_ORDER@source_link as of scn 3438240 childL1,
					 source.ORDER_DETAIL@source_link as of scn 3438240 childL2
				where childL2.rowid = 'AAASMYAAMAAAADEAAX'
				and   master.ID = childL1.CUSTOMER_ID
				and   master.ID = childL2.ORDER_ID

Master: CUSTOMER Level=2 L1=ADDRESS L2=DELIVERY
insert into target.MASTER_CUSTOMER (optype, rid, scnno)
select 'C', master.rowid, 3438240
				from source.CUSTOMER@source_link as of scn 3438240 master,
					 source.ADDRESS@source_link as of scn 3438240 childL1,
					 source.DELIVERY@source_link as of scn 3438240 childL2
				where childL2.rowid = 'AAASMeAAMAAAADUAAF'
				and   master.ID = childL1.CUSTOMER_ID
				and   master.ID = childL2.ADDRESS_ID
insert into target.MASTER_CUSTOMER (optype, rid, scnno)
select 'C', master.rowid, 3438240
				from source.CUSTOMER@source_link as of scn 3438240 master,
					 source.ADDRESS@source_link as of scn 3438240 childL1,
					 source.DELIVERY@source_link as of scn 3438240 childL2
				where childL2.rowid = 'AAASMeAAMAAAADUAAG'
				and   master.ID = childL1.CUSTOMER_ID
				and   master.ID = childL2.ADDRESS_ID
insert into target.MASTER_CUSTOMER (optype, rid, scnno)
select 'C', master.rowid, 3438240
				from source.CUSTOMER@source_link as of scn 3438240 master,
					 source.ADDRESS@source_link as of scn 3438240 childL1,
					 source.DELIVERY@source_link as of scn 3438240 childL2
				where childL2.rowid = 'AAASMeAAMAAAADUAAE'
				and   master.ID = childL1.CUSTOMER_ID
				and   master.ID = childL2.ADDRESS_ID
insert into target.MASTER_CUSTOMER (optype, rid, scnno)
select 'C', master.rowid, 3438240
				from source.CUSTOMER@source_link as of scn 3438240 master,
					 source.ADDRESS@source_link as of scn 3438240 childL1,
					 source.DELIVERY@source_link as of scn 3438240 childL2
				where childL2.rowid = 'AAASMeAAMAAAADUAAD'
				and   master.ID = childL1.CUSTOMER_ID
				and   master.ID = childL2.ADDRESS_ID
INFO poc_e2e: query the result


*** source_query.sql ***


CUSTOMER=3
CUSTOMER_ORDER=12
ORDER_DETAIL=60
ADDRESS=6
DELIVERY=12


*** partition_query.sql ***

TABLE_OWNER          TABLE_NAME           PARTITION_NAME       HIGH_VALUE
-------------------- -------------------- -------------------- --------------------------------------------------------------------------------
TARGET               ADDRESS              PART_0               3437263
TARGET               ADDRESS              PART_3437263         3437837
TARGET               ADDRESS              PART_3437837         3438109
TARGET               ADDRESS              PART_3438109         3438374
TARGET               ADDRESS              PART_3438374         MAXVALUE
TARGET               CUSTOMER             PART_0               3437263
TARGET               CUSTOMER             PART_3437263         3437837
TARGET               CUSTOMER             PART_3437837         3438109
TARGET               CUSTOMER             PART_3438109         3438374
TARGET               CUSTOMER             PART_3438374         MAXVALUE
TARGET               CUSTOMER_ORDER       PART_0               3437263
TARGET               CUSTOMER_ORDER       PART_3437263         3437837
TARGET               CUSTOMER_ORDER       PART_3437837         3438109
TARGET               CUSTOMER_ORDER       PART_3438109         3438374
TARGET               CUSTOMER_ORDER       PART_3438374         MAXVALUE
TARGET               DELIVERY             PART_0               3437263
TARGET               DELIVERY             PART_3437263         3437837
TARGET               DELIVERY             PART_3437837         3438109
TARGET               DELIVERY             PART_3438109         3438374
TARGET               DELIVERY             PART_3438374         MAXVALUE
TARGET               MASTER_CUSTOMER      PART_0               3437263
TARGET               MASTER_CUSTOMER      PART_3437263         3437837
TARGET               MASTER_CUSTOMER      PART_3437837         3438109
TARGET               MASTER_CUSTOMER      PART_3438109         3438374
TARGET               MASTER_CUSTOMER      PART_3438374         MAXVALUE
TARGET               ORDER_DETAIL         PART_0               3437263
TARGET               ORDER_DETAIL         PART_3437263         3437837
TARGET               ORDER_DETAIL         PART_3437837         3438109
TARGET               ORDER_DETAIL         PART_3438109         3438374
TARGET               ORDER_DETAIL         PART_3438374         MAXVALUE


ADDRESS.PART_0=0
ADDRESS.PART_3437263=2
ADDRESS.PART_3437837=2
ADDRESS.PART_3438109=2
ADDRESS.PART_3438374=0
CUSTOMER.PART_0=0
CUSTOMER.PART_3437263=1
CUSTOMER.PART_3437837=1
CUSTOMER.PART_3438109=1
CUSTOMER.PART_3438374=0
CUSTOMER_ORDER.PART_0=0
CUSTOMER_ORDER.PART_3437263=4
CUSTOMER_ORDER.PART_3437837=4
CUSTOMER_ORDER.PART_3438109=4
CUSTOMER_ORDER.PART_3438374=0
DELIVERY.PART_0=0
DELIVERY.PART_3437263=4
DELIVERY.PART_3437837=4
DELIVERY.PART_3438109=4
DELIVERY.PART_3438374=0
MASTER_CUSTOMER.PART_0=0
MASTER_CUSTOMER.PART_3437263=7
MASTER_CUSTOMER.PART_3437837=7
MASTER_CUSTOMER.PART_3438109=7
MASTER_CUSTOMER.PART_3438374=0
ORDER_DETAIL.PART_0=0
ORDER_DETAIL.PART_3437263=20
ORDER_DETAIL.PART_3437837=20
ORDER_DETAIL.PART_3438109=20
ORDER_DETAIL.PART_3438374=0


*** gen_masterdata_json.sql ***



Processing: begin_scn=3437263, end_scn=3437836:

Processing: rid=AAASMSAAMAAAACUAAD for max_scnno=3437749


{"optype":"C","customer":{"ID":11,"NAME":"exZqQlEvGpMjNdICtZiH","VERSION":1},"CUSTOMER_ORDER":[{"ID":41,"CUSTOMER_ID":11,"NAME":"NcoFQGlpDAgFrWdagfRK","VERSION":1},{"ID":42,"CUSTOMER_ID":11,"NAME":"DBUTDpyYURnXRaZLUwCv","VERSION":1},{"ID":43,"CUSTOMER_ID":11,"NAME":"ecPpOLmDHQuzeQJrEvUr","VERSION":1},{"ID":44,"CUSTOMER_ID":11,"NAME":"PCUhduPOoibLvcJqfmbQ","VERSION":1}],"ADDRESS":[{"ID":21,"CUSTOMER_ID":11,"ADDRESS":"QCPYwjGauBqpbEPONmRP","VERSION":1},{"ID":22,"CUSTOMER_ID":11,"ADDRESS":"wEEJiwreVNuHvsKcznbZ","VERSION":1}],"ORDER_DETAIL":[{"ID":201,"ORDER_ID":41,"DETAIL":"nvliucyaPZRGBWNgIBNz","VERSION":1},{"ID":202,"ORDER_ID":41,"DETAIL":"jnglYTPIkgYAhCxHEmgf","VERSION":1},{"ID":203,"ORDER_ID":41,"DETAIL":"gDwFXumAXraQSxvLOAqe","VERSION":1},{"ID":204,"ORDER_ID":41,"DETAIL":"JXbwcPOGJuMpFJFGhSlw","VERSION":1},{"ID":205,"ORDER_ID":41,"DETAIL":"KpZCeUMvDomNJIcJSKMg","VERSION":1},{"ID":206,"ORDER_ID":42,"DETAIL":"ATUuETBBwVpWLgAsnnAV","VERSION":1},{"ID":207,"ORDER_ID":42,"DETAIL":"wLXiGgkLMkisHNaIUWUz","VERSION":1},{"ID":208,"ORDER_ID":42,"DETAIL":"KnufxnPFOagRHadHAFFR","VERSION":1},{"ID":209,"ORDER_ID":42,"DETAIL":"DktEiPfgCUsybvBtznoV","VERSION":1},{"ID":210,"ORDER_ID":42,"DETAIL":"GRcUKMzISgZYGNDtDZMA","VERSION":1},{"ID":211,"ORDER_ID":43,"DETAIL":"vEOKJnkVVNnbWcqKPrNp","VERSION":1},{"ID":212,"ORDER_ID":43,"DETAIL":"MmezdDyzneTuspjoQALk","VERSION":1},{"ID":213,"ORDER_ID":43,"DETAIL":"YafdtlKuHWgQhyrZINJx","VERSION":1},{"ID":214,"ORDER_ID":43,"DETAIL":"SEQOCWQmcBvoRsSFXoul","VERSION":1},{"ID":215,"ORDER_ID":43,"DETAIL":"afQVdKUBCtmiEbybwwPV","VERSION":1},{"ID":216,"ORDER_ID":44,"DETAIL":"wekvTEeTMNhMykDQAymE","VERSION":1},{"ID":217,"ORDER_ID":44,"DETAIL":"ixRiNUZYNuMLPzBjHyAp","VERSION":1},{"ID":218,"ORDER_ID":44,"DETAIL":"HwanTecvawuNkszJyJTh","VERSION":1},{"ID":219,"ORDER_ID":44,"DETAIL":"zqebNiwFjDGIvNrBcteo","VERSION":1},{"ID":220,"ORDER_ID":44,"DETAIL":"RTlymLUOIVQGpfRVfXtC","VERSION":1}],"DELIVERY":[{"ID":41,"ORDER_ID":41,"ADDRESS_ID":21,"NAME":"pypcAfXAQgHYqQhn
rnsg","VERSION":1},{"ID":42,"ORDER_ID":42,"ADDRESS_ID":21,"NAME":"IIDpViKGORcHWilOxtMB","VERSION":1},{"ID":43,"ORDER_ID":43,"ADDRESS_ID":22,"NAME":"nGiYPzWFnlKjsaSvPkPF","VERSION":1},{"ID":44,"ORDER_ID":44,"ADDRESS_ID":22,"NAME":"ijDVKmPMldxQdFflBzpW","VERSION":1}]}

Processing: begin_scn=3437837, end_scn=3438108:

Processing: rid=AAASMSAAMAAAACUAAE for max_scnno=3437969


{"optype":"C","customer":{"ID":12,"NAME":"DNMYiYdallEKchJbGAKY","VERSION":1},"CUSTOMER_ORDER":[{"ID":46,"CUSTOMER_ID":12,"NAME":"UFpiHQNqnANipTvqqtVL","VERSION":1},{"ID":47,"CUSTOMER_ID":12,"NAME":"zDHFrVGbsdafAjYZUxZU","VERSION":1},{"ID":48,"CUSTOMER_ID":12,"NAME":"VdYIqyjjphAGKKSREnlf","VERSION":1},{"ID":45,"CUSTOMER_ID":12,"NAME":"XTXOLHsjGqKqRUIeJEPM","VERSION":1}],"ADDRESS":[{"ID":24,"CUSTOMER_ID":12,"ADDRESS":"QKsiLJBnYprfXePhUGkO","VERSION":1},{"ID":23,"CUSTOMER_ID":12,"ADDRESS":"oSemavrqeHrjkFbQHgwv","VERSION":1}],"ORDER_DETAIL":[{"ID":226,"ORDER_ID":46,"DETAIL":"jVUbiditocRYKjmqhtTA","VERSION":1},{"ID":227,"ORDER_ID":46,"DETAIL":"SSnLQWpnwkWanGSDjXcv","VERSION":1},{"ID":228,"ORDER_ID":46,"DETAIL":"sfOxjzYWNOqILIWzrJOf","VERSION":1},{"ID":229,"ORDER_ID":46,"DETAIL":"OEUbjjbtGOmZYhxBRMid","VERSION":1},{"ID":230,"ORDER_ID":46,"DETAIL":"kfvHttaePgiycwXbOqrp","VERSION":1},{"ID":231,"ORDER_ID":47,"DETAIL":"eCJsksJJQXWxzNEIfyKD","VERSION":1},{"ID":232,"ORDER_ID":47,"DETAIL":"ncTZZQFscoCyIuGjwROI","VERSION":1},{"ID":233,"ORDER_ID":47,"DETAIL":"sdZrrfngiicIasuDSOkM","VERSION":1},{"ID":234,"ORDER_ID":47,"DETAIL":"gMIZRdhveTQYcjueHGFH","VERSION":1},{"ID":235,"ORDER_ID":47,"DETAIL":"zhADgwBbIrwddXhKHGnV","VERSION":1},{"ID":236,"ORDER_ID":48,"DETAIL":"wMtDcMqnhikcjLeoCouH","VERSION":1},{"ID":237,"ORDER_ID":48,"DETAIL":"EnoJKdjAYBsFWuexpPvX","VERSION":1},{"ID":238,"ORDER_ID":48,"DETAIL":"gULZtevMyNZJaZpHqcEA","VERSION":1},{"ID":239,"ORDER_ID":48,"DETAIL":"NjsDcOZZbZMjIGhyRjWJ","VERSION":1},{"ID":240,"ORDER_ID":48,"DETAIL":"rIKyaiMNWiyCyobJilyU","VERSION":1},{"ID":222,"ORDER_ID":45,"DETAIL":"lChwbzNtJrdnBGROzxyZ","VERSION":1},{"ID":223,"ORDER_ID":45,"DETAIL":"NPNaXxqrqeKuGxIHUYOA","VERSION":1},{"ID":224,"ORDER_ID":45,"DETAIL":"XEXQMorTflZnmiGJzYnS","VERSION":1},{"ID":225,"ORDER_ID":45,"DETAIL":"dYoPomuWefOWCVqaEEtD","VERSION":1},{"ID":221,"ORDER_ID":45,"DETAIL":"fUKVqfakOGXdUhnAaWVg","VERSION":1}],"DELIVERY":[{"ID":47,"ORDER_ID":47,"ADDRESS_ID":24,"NAME":"yEFLSXmiyzKSvlPN
JKAa","VERSION":1},{"ID":48,"ORDER_ID":48,"ADDRESS_ID":24,"NAME":"EHvHTGIrILQilOzoRFRz","VERSION":1},{"ID":46,"ORDER_ID":46,"ADDRESS_ID":23,"NAME":"NLwlwoKdUFdcpKmIyvGz","VERSION":1},{"ID":45,"ORDER_ID":45,"ADDRESS_ID":23,"NAME":"iQfcMREFWwaywDPLrSmr","VERSION":1}]}

Processing: begin_scn=3438109, end_scn=3438373:

Processing: rid=AAASMSAAMAAAACUAAA for max_scnno=3438240


{"optype":"C","customer":{"ID":13,"NAME":"xXcZNosrrgTVrSQLPSqj","VERSION":1},"CUSTOMER_ORDER":[{"ID":49,"CUSTOMER_ID":13,"NAME":"mbNAehtBgqXLjMItVSpH","VERSION":1},{"ID":50,"CUSTOMER_ID":13,"NAME":"bqWSarpFMMhBDYNNXffe","VERSION":1},{"ID":51,"CUSTOMER_ID":13,"NAME":"WfslGMOkpvjjGEyUKJiJ","VERSION":1},{"ID":52,"CUSTOMER_ID":13,"NAME":"EbeoKQBfmvvHJnUaBbkW","VERSION":1}],"ADDRESS":[{"ID":25,"CUSTOMER_ID":13,"ADDRESS":"tdvIwxqQtsJgJauRvoyL","VERSION":1},{"ID":26,"CUSTOMER_ID":13,"ADDRESS":"CLwRyqDzpALvfadASSjn","VERSION":1}],"ORDER_DETAIL":[{"ID":241,"ORDER_ID":49,"DETAIL":"gBXAHNnnHPXCtEjYKoJd","VERSION":1},{"ID":242,"ORDER_ID":49,"DETAIL":"nObdFRZetkZcqVMtpAnl","VERSION":1},{"ID":243,"ORDER_ID":49,"DETAIL":"wQDauHjtBRXJhRklSxfA","VERSION":1},{"ID":244,"ORDER_ID":49,"DETAIL":"yMPxljwiFXJHFMDiWLWG","VERSION":1},{"ID":245,"ORDER_ID":49,"DETAIL":"ixobCKOJTrunNDiiAzJz","VERSION":1},{"ID":246,"ORDER_ID":50,"DETAIL":"RHKNLXnkiombqfSFkqMr","VERSION":1},{"ID":247,"ORDER_ID":50,"DETAIL":"nZEggFPRzHeolRSmOJDI","VERSION":1},{"ID":248,"ORDER_ID":50,"DETAIL":"gchCrAGoPaEKFkLxNafK","VERSION":1},{"ID":249,"ORDER_ID":50,"DETAIL":"eSZTFENEpVNRTuteZLVv","VERSION":1},{"ID":250,"ORDER_ID":50,"DETAIL":"gUcErpmyrxxscccmgvHg","VERSION":1},{"ID":251,"ORDER_ID":51,"DETAIL":"zBZbGWuMayJerKjIYLBn","VERSION":1},{"ID":252,"ORDER_ID":51,"DETAIL":"lnjvFJPqkLKRTIOdCmyg","VERSION":1},{"ID":253,"ORDER_ID":51,"DETAIL":"LYOgGTsePzIwwRFELpRr","VERSION":1},{"ID":254,"ORDER_ID":51,"DETAIL":"iEeuHXHuxhpjjQUrGbZU","VERSION":1},{"ID":255,"ORDER_ID":51,"DETAIL":"JYmhdPWfygUkrdbSvWaD","VERSION":1},{"ID":256,"ORDER_ID":52,"DETAIL":"uvAMlsvLdBYzyFsMyPeD","VERSION":1},{"ID":257,"ORDER_ID":52,"DETAIL":"YjLCRtvPfIhOvaSpUZzo","VERSION":1},{"ID":258,"ORDER_ID":52,"DETAIL":"RaflAnTHCzdaKvZMovcQ","VERSION":1},{"ID":259,"ORDER_ID":52,"DETAIL":"BdZZbroSfrAQpKoZWeKU","VERSION":1},{"ID":260,"ORDER_ID":52,"DETAIL":"sYpqEHakVvGVDZOtRUDf","VERSION":1}],"DELIVERY":[{"ID":49,"ORDER_ID":49,"ADDRESS_ID":25,"NAME":"esBHearDcHsBuTcA
WeGE","VERSION":1},{"ID":50,"ORDER_ID":50,"ADDRESS_ID":25,"NAME":"VUFiUypevgttuIPWIMSx","VERSION":1},{"ID":51,"ORDER_ID":51,"ADDRESS_ID":26,"NAME":"BhNzQdoDteZVOEYLUAZF","VERSION":1},{"ID":52,"ORDER_ID":52,"ADDRESS_ID":26,"NAME":"fUYsJSzhajghUSHGkAKw","VERSION":1}]}
